<?xml version="1.0" encoding="UTF-8"?>
<!-- Generated by org.testng.reporters.JUnitReportReporter -->
<testsuite skipped="0" hostname="vnikolic" name="testcases.TC_001" tests="1" failures="0" timestamp="24 Jan 2019 08:17:21 GMT" time="11.039" errors="0">
  <testcase name="tc_001" time="11.039" classname="testcases.TC_001"/>
</testsuite> <!-- testcases.TC_001 -->
